<?xml version="1.0" encoding="UTF-8"?>
<!-- Generated by org.testng.reporters.JUnitReportReporter -->
<testsuite skipped="0" hostname="AKulkarni-Lap7" name="com.uptake.testcases.VerifyPages" tests="4" failures="0" timestamp="06 May 2017 04:35:11 GMT" time="13.549" errors="0">
  <testcase name="verfiyHomePageTitle" time="0.111" classname="com.uptake.testcases.VerifyPages"/>
  <testcase name="navigatetoApproachTab" time="1.059" classname="com.uptake.testcases.VerifyPages"/>
  <testcase name="gotoOpenPositionsDiv" time="0.008" classname="com.uptake.testcases.VerifyPages"/>
  <testcase name="searchInJobListings" time="12.371" classname="com.uptake.testcases.VerifyPages"/>
</testsuite> <!-- com.uptake.testcases.VerifyPages -->
