<?xml version="1.0" encoding="UTF-8"?>
<!-- Generated by org.testng.reporters.JUnitReportReporter -->
<testsuite skipped="0" hostname="AKulkarni-Lap7" name="uptakedemo.DemoTestNG" tests="4" failures="0" timestamp="05 May 2017 23:12:40 GMT" time="13.407" errors="0">
  <testcase name="verfiyHomePageTitlePOM" time="0.133" classname="uptakedemo.DemoTestNG"/>
  <testcase name="navigatetoApproachTab" time="1.065" classname="uptakedemo.DemoTestNG"/>
  <testcase name="gotoOpenPositionsDiv" time="0.007" classname="uptakedemo.DemoTestNG"/>
  <testcase name="searchInJobListings" time="12.202" classname="uptakedemo.DemoTestNG"/>
</testsuite> <!-- uptakedemo.DemoTestNG -->
