<?xml version="1.0" encoding="UTF-8"?>
<!-- Generated by org.testng.reporters.JUnitReportReporter -->
<testsuite skipped="0" hostname="AKulkarni-Lap7" name="com.uptake.testcases.VerifyPages" tests="4" failures="0" timestamp="06 May 2017 13:57:21 GMT" time="13.755" errors="0">
  <testcase name="verifyHomePageTitle" time="0.119" classname="com.uptake.testcases.VerifyPages"/>
  <testcase name="navigatetoApproachTab" time="1.055" classname="com.uptake.testcases.VerifyPages"/>
  <testcase name="gotoOpenPositionsDiv" time="0.007" classname="com.uptake.testcases.VerifyPages"/>
  <testcase name="searchInJobListings" time="12.574" classname="com.uptake.testcases.VerifyPages"/>
</testsuite> <!-- com.uptake.testcases.VerifyPages -->
